<?xml version="1.0" encoding="UTF-8"?>
<!-- Generated by org.testng.reporters.JUnitXMLReporter -->
<testsuite ignored="4" hostname="LAPTOP-10R8ABVG" failures="0" tests="1" name="Default test" time="15.994" errors="0" timestamp="2024-01-15T17:47:14 IST">
  <testcase classname="com.sevenrmartsupermarket.tests.ManageDeliveryBoyTest" name="verifyDeliverBoyEditWithPhoneNumberFieldEmpty" time="8.645"/>
  <testcase classname="com.sevenrmartsupermarket.tests.ManageDeliveryBoyTest" name="verifyDeliverBoyEditUserName" time="0.0">
    <ignored/>
  </testcase> <!-- verifyDeliverBoyEditUserName -->
  <testcase classname="com.sevenrmartsupermarket.tests.ManageDeliveryBoyTest" name="verifyDeliverBoyEditPhoneNumber" time="0.0">
    <ignored/>
  </testcase> <!-- verifyDeliverBoyEditPhoneNumber -->
  <testcase classname="com.sevenrmartsupermarket.tests.ManageDeliveryBoyTest" name="verifyCreatingNewDeliveryBoy1" time="0.0">
    <ignored/>
  </testcase> <!-- verifyCreatingNewDeliveryBoy1 -->
  <testcase classname="com.sevenrmartsupermarket.tests.ManageDeliveryBoyTest" name="verifyDeliverBoyEditEmail" time="0.0">
    <ignored/>
  </testcase> <!-- verifyDeliverBoyEditEmail -->
</testsuite> <!-- Default test -->
