<?xml version="1.0" encoding="UTF-8"?>
<!-- Generated by org.testng.reporters.JUnitXMLReporter -->
<testsuite ignored="0" hostname="LAPTOP-10R8ABVG" failures="0" tests="4" name="Default test" time="21.791" errors="0" timestamp="2024-01-03T19:14:47 IST">
  <testcase classname="dataproviderexample.DataProviderLoginTest" name="verifyLoginUsingDataProvider" time="1.417"/>
  <testcase classname="dataproviderexample.DataProviderLoginTest" name="verifyLoginUsingDataProvider" time="1.036"/>
  <testcase classname="dataproviderexample.DataProviderLoginTest" name="verifyLoginUsingDataProvider" time="1.008"/>
  <testcase classname="dataproviderexample.DataProviderLoginTest" name="verifyLoginUsingDataProvider" time="0.883"/>
</testsuite> <!-- Default test -->
