<?xml version="1.0" encoding="UTF-8"?>
<!-- Generated by org.testng.reporters.JUnitXMLReporter -->
<testsuite ignored="0" hostname="LAPTOP-10R8ABVG" failures="0" tests="2" name="Running in FireFox" time="51.524" errors="0" timestamp="2024-01-16T20:48:13 IST">
  <testcase classname="com.sevenrmartsupermarket.tests.PushNotificationsTest" name="verify" time="0.001"/>
  <testcase classname="com.sevenrmartsupermarket.tests.PushNotificationsTest" name="verifyPushNotificationMessage" time="29.412"/>
</testsuite> <!-- Running in FireFox -->
