<?xml version="1.0" encoding="UTF-8"?>
<!-- Generated by org.testng.reporters.JUnitXMLReporter -->
<testsuite ignored="0" hostname="LAPTOP-10R8ABVG" failures="0" tests="5" name="Running in Edge" time="70.867" errors="0" timestamp="2024-01-17T19:12:14 IST">
  <testcase classname="com.sevenrmartsupermarket.tests.ManageDeliveryBoyTest" name="verifyCreatingNewDeliveryBoy1" time="5.613"/>
  <testcase classname="com.sevenrmartsupermarket.tests.ManageDeliveryBoyTest" name="verifyDeliverBoyEditEmail" time="10.144"/>
  <testcase classname="com.sevenrmartsupermarket.tests.ManageDeliveryBoyTest" name="verifyDeliverBoyEditPhoneNumber" time="10.194"/>
  <testcase classname="com.sevenrmartsupermarket.tests.ManageDeliveryBoyTest" name="verifyDeliverBoyEditUserName" time="10.46"/>
  <testcase classname="com.sevenrmartsupermarket.tests.ManageDeliveryBoyTest" name="verifyDeliverBoyEditWithPhoneNumberFieldEmpty" time="9.628"/>
</testsuite> <!-- Running in Edge -->
