<?xml version="1.0" encoding="UTF-8"?>
<!-- Generated by org.testng.reporters.JUnitXMLReporter -->
<testsuite ignored="0" hostname="LAPTOP-10R8ABVG" failures="0" tests="5" name="Running in Chrome" time="133.349" errors="0" timestamp="2024-01-16T20:43:35 IST">
  <testcase classname="com.sevenrmartsupermarket.tests.LoginTest" name="excelRead" time="0.789"/>
  <testcase classname="com.sevenrmartsupermarket.tests.LoginTest" name="verifyLogin" time="3.3"/>
  <testcase classname="com.sevenrmartsupermarket.tests.LoginTest" name="verifyLoginUsingDataProvider" time="1.48"/>
  <testcase classname="com.sevenrmartsupermarket.tests.LoginTest" name="verifyLoginUsingDataProvider" time="1.93"/>
  <testcase classname="com.sevenrmartsupermarket.tests.LoginTest" name="verifyLoginUsingDataProvider" time="0.985"/>
</testsuite> <!-- Running in Chrome -->
