<?xml version="1.0" encoding="UTF-8"?>
<!-- Generated by org.testng.reporters.JUnitXMLReporter -->
<testsuite ignored="1" hostname="LAPTOP-10R8ABVG" failures="0" tests="1" name="Default test" time="8.137" errors="0" timestamp="2024-01-17T17:38:19 IST">
  <testcase classname="com.sevenrmartsupermarket.tests.HomeTest" name="verifyLogout" time="2.636"/>
  <testcase classname="com.sevenrmartsupermarket.tests.HomeTest" name="verifyDashBordElements" time="0.0">
    <ignored/>
  </testcase> <!-- verifyDashBordElements -->
</testsuite> <!-- Default test -->
