<?xml version="1.0" encoding="UTF-8"?>
<!-- Generated by org.testng.reporters.JUnitXMLReporter -->
<testsuite ignored="2" hostname="LAPTOP-10R8ABVG" failures="0" tests="1" name="Default test" time="7.53" errors="0" timestamp="2024-01-17T19:15:58 IST">
  <testcase classname="com.sevenrmartsupermarket.tests.LoginTest" name="verifyLoginUsingExcelRead" time="2.396"/>
  <testcase classname="com.sevenrmartsupermarket.tests.LoginTest" name="verifyLoginUsingDataProvider" time="0.0">
    <ignored/>
  </testcase> <!-- verifyLoginUsingDataProvider -->
  <testcase classname="com.sevenrmartsupermarket.tests.LoginTest" name="verifyLogin" time="0.0">
    <ignored/>
  </testcase> <!-- verifyLogin -->
</testsuite> <!-- Default test -->
