<?xml version="1.0" encoding="UTF-8"?>
<!-- Generated by org.testng.reporters.JUnitXMLReporter -->
<testsuite ignored="2" hostname="LAPTOP-10R8ABVG" failures="0" tests="1" name="Regression" time="7.901" errors="0" timestamp="2024-01-15T17:53:04 IST">
  <testcase classname="com.sevenrmartsupermarket.tests.LoginTest" name="verifyLogin" time="1.604"/>
  <testcase classname="com.sevenrmartsupermarket.tests.LoginTest" name="verifyLoginUsingDataProvider" time="0.0">
    <ignored/>
  </testcase> <!-- verifyLoginUsingDataProvider -->
  <testcase classname="com.sevenrmartsupermarket.tests.LoginTest" name="excelRead" time="0.0">
    <ignored/>
  </testcase> <!-- excelRead -->
</testsuite> <!-- Regression -->
