<?xml version="1.0" encoding="UTF-8"?>
<!-- Generated by org.testng.reporters.JUnitXMLReporter -->
<testsuite ignored="0" hostname="LAPTOP-10R8ABVG" failures="0" tests="6" name="Smoke" time="61.969" errors="0" timestamp="2024-01-15T17:53:58 IST">
  <testcase classname="com.sevenrmartsupermarket.tests.PushNotificationsTest" name="verifyPushNotificationMessage" time="4.415"/>
  <testcase classname="com.sevenrmartsupermarket.tests.ManageDeliveryBoyTest" name="verifyCreatingNewDeliveryBoy1" time="5.037"/>
  <testcase classname="com.sevenrmartsupermarket.tests.ManageDeliveryBoyTest" name="verifyDeliverBoyEditEmail" time="8.376"/>
  <testcase classname="com.sevenrmartsupermarket.tests.ManageDeliveryBoyTest" name="verifyDeliverBoyEditPhoneNumber" time="8.05"/>
  <testcase classname="com.sevenrmartsupermarket.tests.ManageDeliveryBoyTest" name="verifyDeliverBoyEditUserName" time="6.991"/>
  <testcase classname="com.sevenrmartsupermarket.tests.ManageDeliveryBoyTest" name="verifyDeliverBoyEditWithPhoneNumberFieldEmpty" time="6.294"/>
</testsuite> <!-- Smoke -->
