<?xml version="1.0" encoding="UTF-8"?>
<!-- Generated by org.testng.reporters.JUnitXMLReporter -->
<testsuite ignored="1" hostname="LAPTOP-10R8ABVG" failures="0" tests="1" name="Regression" time="8.395" errors="0" timestamp="2024-01-03T16:45:45 IST">
  <testcase classname="com.sevenrmartsupermarket.tests.LoginTest" name="verifyLogin" time="1.666"/>
  <testcase classname="com.sevenrmartsupermarket.tests.LoginTest" name="excelRead" time="0.0">
    <ignored/>
  </testcase> <!-- excelRead -->
</testsuite> <!-- Regression -->
