<?xml version="1.0" encoding="UTF-8"?>
<testng-results ignored="0" total="1" passed="1" failed="0" skipped="0">
  <reporter-output>
  </reporter-output>
  <suite started-at="2024-01-19T15:43:45Z" name="Default suite" finished-at="2024-01-19T15:43:55Z" duration-ms="9632">
    <groups>
    </groups>
    <test started-at="2024-01-19T15:43:45Z" name="Default test" finished-at="2024-01-19T15:43:55Z" duration-ms="9632">
      <class name="com.sevenrmartsupermarket.tests.AdminUsersTest">
        <test-method is-config="true" signature="launchBrowser()[pri:0, instance:com.sevenrmartsupermarket.tests.AdminUsersTest@503f91c3]" started-at="2024-01-19T21:13:45Z" name="launchBrowser" finished-at="2024-01-19T21:13:51Z" duration-ms="5103" status="PASS">
          <reporter-output>
          </reporter-output>
        </test-method> <!-- launchBrowser -->
        <test-method signature="verifyCreatingNewAdminUser()[pri:0, instance:com.sevenrmartsupermarket.tests.AdminUsersTest@503f91c3]" started-at="2024-01-19T21:13:51Z" name="verifyCreatingNewAdminUser" finished-at="2024-01-19T21:13:55Z" duration-ms="4502" status="PASS">
          <reporter-output>
          </reporter-output>
        </test-method> <!-- verifyCreatingNewAdminUser -->
        <test-method is-config="true" signature="terminateSession(org.testng.ITestResult)[pri:0, instance:com.sevenrmartsupermarket.tests.AdminUsersTest@503f91c3]" started-at="2024-01-19T21:13:55Z" name="terminateSession" finished-at="2024-01-19T21:13:55Z" duration-ms="0" status="PASS">
          <params>
            <param index="0">
              <value>
                <![CDATA[[TestResult name=verifyCreatingNewAdminUser status=SUCCESS method=AdminUsersTest.verifyCreatingNewAdminUser()[pri:0, instance:com.sevenrmartsupermarket.tests.AdminUsersTest@503f91c3] output={null}]]]>
              </value>
            </param>
          </params>
          <reporter-output>
          </reporter-output>
        </test-method> <!-- terminateSession -->
      </class> <!-- com.sevenrmartsupermarket.tests.AdminUsersTest -->
    </test> <!-- Default test -->
  </suite> <!-- Default suite -->
</testng-results>
