<?xml version="1.0" encoding="UTF-8"?>
<testng-results ignored="0" total="1" passed="1" failed="0" skipped="0">
  <reporter-output>
  </reporter-output>
  <suite started-at="2024-01-17T19:15:51 IST" name="Default suite" finished-at="2024-01-17T19:15:58 IST" duration-ms="7530">
    <groups>
      <group name="smoke">
        <method signature="LoginTest.verifyLoginUsingExcelRead()[pri:0, instance:com.sevenrmartsupermarket.tests.LoginTest@70325e14]" name="verifyLoginUsingExcelRead" class="com.sevenrmartsupermarket.tests.LoginTest"/>
      </group> <!-- smoke -->
    </groups>
    <test started-at="2024-01-17T19:15:51 IST" name="Default test" finished-at="2024-01-17T19:15:58 IST" duration-ms="7530">
      <class name="com.sevenrmartsupermarket.tests.LoginTest">
        <test-method is-config="true" signature="launchBrowser()[pri:0, instance:com.sevenrmartsupermarket.tests.LoginTest@70325e14]" started-at="2024-01-17T19:15:51 IST" name="launchBrowser" finished-at="2024-01-17T19:15:56 IST" duration-ms="4919" status="PASS">
          <reporter-output>
          </reporter-output>
        </test-method> <!-- launchBrowser -->
        <test-method signature="verifyLoginUsingExcelRead()[pri:0, instance:com.sevenrmartsupermarket.tests.LoginTest@70325e14]" started-at="2024-01-17T19:15:56 IST" name="verifyLoginUsingExcelRead" finished-at="2024-01-17T19:15:58 IST" duration-ms="2396" status="PASS">
          <reporter-output>
          </reporter-output>
        </test-method> <!-- verifyLoginUsingExcelRead -->
        <test-method is-config="true" signature="terminateSession(org.testng.ITestResult)[pri:0, instance:com.sevenrmartsupermarket.tests.LoginTest@70325e14]" started-at="2024-01-17T19:15:58 IST" name="terminateSession" finished-at="2024-01-17T19:15:58 IST" duration-ms="148" status="PASS">
          <params>
            <param index="0">
              <value>
                <![CDATA[[TestResult name=verifyLoginUsingExcelRead status=SUCCESS method=LoginTest.verifyLoginUsingExcelRead()[pri:0, instance:com.sevenrmartsupermarket.tests.LoginTest@70325e14] output={null}]]]>
              </value>
            </param>
          </params>
          <reporter-output>
          </reporter-output>
        </test-method> <!-- terminateSession -->
      </class> <!-- com.sevenrmartsupermarket.tests.LoginTest -->
    </test> <!-- Default test -->
  </suite> <!-- Default suite -->
</testng-results>
